0 info it worked if it ends with ok
1 verbose cli [ '/usr/local/bin/node',
1 verbose cli   '/usr/local/bin/npm',
1 verbose cli   'install',
1 verbose cli   '-g',
1 verbose cli   'typescript' ]
2 info using npm@2.15.0
3 info using node@v4.4.2
4 verbose install initial load of /usr/local/lib/package.json
5 verbose readDependencies loading dependencies from /usr/local/lib/package.json
6 silly cache add args [ 'typescript', null ]
7 verbose cache add spec typescript
8 silly cache add parsed spec Result {
8 silly cache add   raw: 'typescript',
8 silly cache add   scope: null,
8 silly cache add   name: 'typescript',
8 silly cache add   rawSpec: '',
8 silly cache add   spec: 'latest',
8 silly cache add   type: 'tag' }
9 silly addNamed typescript@latest
10 verbose addNamed "latest" is being treated as a dist-tag for typescript
11 info addNameTag [ 'typescript', 'latest' ]
12 silly mapToRegistry name typescript
13 silly mapToRegistry using default registry
14 silly mapToRegistry registry https://registry.npmjs.org/
15 silly mapToRegistry data Result {
15 silly mapToRegistry   raw: 'typescript',
15 silly mapToRegistry   scope: null,
15 silly mapToRegistry   name: 'typescript',
15 silly mapToRegistry   rawSpec: '',
15 silly mapToRegistry   spec: 'latest',
15 silly mapToRegistry   type: 'tag' }
16 silly mapToRegistry uri https://registry.npmjs.org/typescript
17 verbose addNameTag registry:https://registry.npmjs.org/typescript not in flight; fetching
18 verbose request uri https://registry.npmjs.org/typescript
19 verbose request no auth needed
20 info attempt registry request try #1 at 18:36:57
21 verbose request id b74dc0083018155e
22 http request GET https://registry.npmjs.org/typescript
23 http 200 https://registry.npmjs.org/typescript
24 verbose headers { server: 'CouchDB/1.5.0 (Erlang OTP/R16B03)',
24 verbose headers   etag: '"AAWKLRT4TH421T3ZJDN7JNNDN"',
24 verbose headers   'content-type': 'application/json',
24 verbose headers   'content-encoding': 'gzip',
24 verbose headers   'cache-control': 'max-age=300',
24 verbose headers   'content-length': '39732',
24 verbose headers   'accept-ranges': 'bytes',
24 verbose headers   date: 'Sun, 10 Apr 2016 16:36:58 GMT',
24 verbose headers   via: '1.1 varnish',
24 verbose headers   age: '0',
24 verbose headers   connection: 'keep-alive',
24 verbose headers   'x-served-by': 'cache-fra1247-FRA',
24 verbose headers   'x-cache': 'HIT',
24 verbose headers   'x-cache-hits': '1',
24 verbose headers   'x-timer': 'S1460306218.074582,VS0,VE108',
24 verbose headers   vary: 'Accept-Encoding' }
25 silly get cb [ 200,
25 silly get   { server: 'CouchDB/1.5.0 (Erlang OTP/R16B03)',
25 silly get     etag: '"AAWKLRT4TH421T3ZJDN7JNNDN"',
25 silly get     'content-type': 'application/json',
25 silly get     'content-encoding': 'gzip',
25 silly get     'cache-control': 'max-age=300',
25 silly get     'content-length': '39732',
25 silly get     'accept-ranges': 'bytes',
25 silly get     date: 'Sun, 10 Apr 2016 16:36:58 GMT',
25 silly get     via: '1.1 varnish',
25 silly get     age: '0',
25 silly get     connection: 'keep-alive',
25 silly get     'x-served-by': 'cache-fra1247-FRA',
25 silly get     'x-cache': 'HIT',
25 silly get     'x-cache-hits': '1',
25 silly get     'x-timer': 'S1460306218.074582,VS0,VE108',
25 silly get     vary: 'Accept-Encoding' } ]
26 verbose get saving typescript to /Users/user/.npm/registry.npmjs.org/typescript/.cache.json
27 verbose correctMkdir /Users/user/.npm correctMkdir not in flight; initializing
28 verbose makeDirectory /Users/user/.npm creation not in flight; initializing
29 silly makeDirectory /Users/user/.npm uid: 502 gid: 20
30 silly addNameTag next cb for typescript with tag latest
31 silly addNamed typescript@1.8.9
32 verbose addNamed "1.8.9" is a plain semver version for typescript
33 silly mapToRegistry name typescript
34 silly mapToRegistry using default registry
35 silly mapToRegistry registry https://registry.npmjs.org/
36 silly mapToRegistry data Result {
36 silly mapToRegistry   raw: 'typescript',
36 silly mapToRegistry   scope: null,
36 silly mapToRegistry   name: 'typescript',
36 silly mapToRegistry   rawSpec: '',
36 silly mapToRegistry   spec: 'latest',
36 silly mapToRegistry   type: 'tag' }
37 silly mapToRegistry uri https://registry.npmjs.org/typescript
38 verbose addRemoteTarball https://registry.npmjs.org/typescript/-/typescript-1.8.9.tgz not in flight; adding
39 verbose addRemoteTarball [ 'https://registry.npmjs.org/typescript/-/typescript-1.8.9.tgz',
39 verbose addRemoteTarball   'b3b3a74059fd31cbd3ecad95d62465939e7ed5fa' ]
40 info retry fetch attempt 1 at 18:36:58
41 info attempt registry request try #1 at 18:36:58
42 http fetch GET https://registry.npmjs.org/typescript/-/typescript-1.8.9.tgz
43 http fetch 200 https://registry.npmjs.org/typescript/-/typescript-1.8.9.tgz
44 silly fetchAndShaCheck shasum b3b3a74059fd31cbd3ecad95d62465939e7ed5fa
45 verbose addTmpTarball /var/folders/ld/v9hgtbx53gs1_1v0wjkgwvf40000gp/T/npm-43656-a2db8b43/registry.npmjs.org/typescript/-/typescript-1.8.9.tgz not in flight; adding
46 verbose addTmpTarball already have metadata; skipping unpack for typescript@1.8.9
47 verbose correctMkdir /Users/user/.npm correctMkdir not in flight; initializing
48 silly cache afterAdd typescript@1.8.9
49 verbose afterAdd /Users/user/.npm/typescript/1.8.9/package/package.json not in flight; writing
50 verbose correctMkdir /Users/user/.npm correctMkdir not in flight; initializing
51 verbose afterAdd /Users/user/.npm/typescript/1.8.9/package/package.json written
52 silly install resolved [ { name: 'typescript',
52 silly install resolved     author: { name: 'Microsoft Corp.' },
52 silly install resolved     homepage: 'http://typescriptlang.org/',
52 silly install resolved     version: '1.8.9',
52 silly install resolved     license: 'Apache-2.0',
52 silly install resolved     description: 'TypeScript is a language for application scale JavaScript development',
52 silly install resolved     keywords: [ 'TypeScript', 'Microsoft', 'compiler', 'language', 'javascript' ],
52 silly install resolved     bugs: { url: 'https://github.com/Microsoft/TypeScript/issues' },
52 silly install resolved     repository:
52 silly install resolved      { type: 'git',
52 silly install resolved        url: 'https://github.com/Microsoft/TypeScript.git' },
52 silly install resolved     main: './lib/typescript.js',
52 silly install resolved     typings: './lib/typescript.d.ts',
52 silly install resolved     bin: { tsc: './bin/tsc', tsserver: './bin/tsserver' },
52 silly install resolved     engines: { node: '>=0.8.0' },
52 silly install resolved     devDependencies:
52 silly install resolved      { jake: 'latest',
52 silly install resolved        mocha: '2.3.4',
52 silly install resolved        chai: 'latest',
52 silly install resolved        browserify: 'latest',
52 silly install resolved        istanbul: 'latest',
52 silly install resolved        'mocha-fivemat-progress-reporter': 'latest',
52 silly install resolved        tslint: 'next',
52 silly install resolved        typescript: 'next',
52 silly install resolved        tsd: 'latest' },
52 silly install resolved     scripts:
52 silly install resolved      { pretest: 'jake tests',
52 silly install resolved        test: 'jake runtests',
52 silly install resolved        build: 'npm run build:compiler && npm run build:tests',
52 silly install resolved        'build:compiler': 'jake local',
52 silly install resolved        'build:tests': 'jake tests',
52 silly install resolved        clean: 'jake clean',
52 silly install resolved        jake: 'jake',
52 silly install resolved        lint: 'jake lint',
52 silly install resolved        'setup-hooks': 'node scripts/link-hooks.js' },
52 silly install resolved     browser: { buffer: false, fs: false, os: false, path: false },
52 silly install resolved     gitHead: '9ef75534e0fd5f92bef86b520dff768c11a2df4d',
52 silly install resolved     _id: 'typescript@1.8.9',
52 silly install resolved     _shasum: 'b3b3a74059fd31cbd3ecad95d62465939e7ed5fa',
52 silly install resolved     _from: 'typescript@latest',
52 silly install resolved     _npmVersion: '2.0.0',
52 silly install resolved     _npmUser: { name: 'typescript', email: 'typescript@microsoft.com' },
52 silly install resolved     maintainers: [ [Object] ],
52 silly install resolved     dist:
52 silly install resolved      { shasum: 'b3b3a74059fd31cbd3ecad95d62465939e7ed5fa',
52 silly install resolved        tarball: 'https://registry.npmjs.org/typescript/-/typescript-1.8.9.tgz' },
52 silly install resolved     _npmOperationalInternal:
52 silly install resolved      { host: 'packages-12-west.internal.npmjs.com',
52 silly install resolved        tmp: 'tmp/typescript-1.8.9.tgz_1458169371557_0.7292261146940291' },
52 silly install resolved     directories: {},
52 silly install resolved     _resolved: 'https://registry.npmjs.org/typescript/-/typescript-1.8.9.tgz' } ]
53 info install typescript@1.8.9 into /usr/local/lib
54 info installOne typescript@1.8.9
55 verbose installOne of typescript to /usr/local/lib not in flight; installing
56 verbose correctMkdir /Users/user/.npm/_locks correctMkdir not in flight; initializing
57 verbose makeDirectory /Users/user/.npm/_locks creation not in flight; initializing
58 silly makeDirectory /Users/user/.npm/_locks uid: 502 gid: 20
59 verbose lock using /Users/user/.npm/_locks/typescript-5355178f5d1a073f.lock for /usr/local/lib/node_modules/typescript
60 silly install write writing typescript 1.8.9 to /usr/local/lib/node_modules/typescript
61 verbose unbuild lib/node_modules/typescript
62 silly gentlyRm /usr/local/lib/node_modules/typescript is being purged from base /usr/local
63 verbose gentlyRm don't care about contents; nuking /usr/local/lib/node_modules/typescript
64 verbose tar unpack /Users/user/.npm/typescript/1.8.9/package.tgz
65 verbose tar unpacking to /usr/local/lib/node_modules/typescript
66 silly gentlyRm /usr/local/lib/node_modules/typescript is being purged
67 verbose gentlyRm don't care about contents; nuking /usr/local/lib/node_modules/typescript
68 silly gunzTarPerm modes [ '755', '644' ]
69 error tar.unpack untar error /Users/user/.npm/typescript/1.8.9/package.tgz
70 verbose unlock done using /Users/user/.npm/_locks/typescript-5355178f5d1a073f.lock for /usr/local/lib/node_modules/typescript
71 verbose fstream_path /usr/local/lib/node_modules/typescript
72 verbose fstream_type Directory
73 verbose fstream_class DirWriter
74 verbose stack Error: EACCES: permission denied, mkdir '/usr/local/lib/node_modules/typescript'
74 verbose stack     at Error (native)
75 verbose fstream_stack /usr/local/lib/node_modules/npm/node_modules/fstream/lib/dir-writer.js:35:25
75 verbose fstream_stack /usr/local/lib/node_modules/npm/node_modules/mkdirp/index.js:47:53
75 verbose fstream_stack FSReqWrap.oncomplete (fs.js:82:15)
76 verbose cwd /Users/user/Documents/FFR125Projekt/FFR125_Project
77 error Darwin 15.3.0
78 error argv "/usr/local/bin/node" "/usr/local/bin/npm" "install" "-g" "typescript"
79 error node v4.4.2
80 error npm  v2.15.0
81 error path /usr/local/lib/node_modules/typescript
82 error code EACCES
83 error errno -13
84 error syscall mkdir
85 error Error: EACCES: permission denied, mkdir '/usr/local/lib/node_modules/typescript'
85 error     at Error (native)
85 error  { [Error: EACCES: permission denied, mkdir '/usr/local/lib/node_modules/typescript']
85 error   errno: -13,
85 error   code: 'EACCES',
85 error   syscall: 'mkdir',
85 error   path: '/usr/local/lib/node_modules/typescript',
85 error   fstream_type: 'Directory',
85 error   fstream_path: '/usr/local/lib/node_modules/typescript',
85 error   fstream_class: 'DirWriter',
85 error   fstream_stack:
85 error    [ '/usr/local/lib/node_modules/npm/node_modules/fstream/lib/dir-writer.js:35:25',
85 error      '/usr/local/lib/node_modules/npm/node_modules/mkdirp/index.js:47:53',
85 error      'FSReqWrap.oncomplete (fs.js:82:15)' ] }
86 error Please try running this command again as root/Administrator.
87 verbose exit [ -13, true ]
88 verbose unbuild lib/node_modules/typescript
89 silly gentlyRm /usr/local/lib/node_modules/typescript is being purged from base /usr/local
90 verbose gentlyRm don't care about contents; nuking /usr/local/lib/node_modules/typescript
